<?xml version="1.0" encoding="UTF-8"?>
<!-- Generated by org.testng.reporters.JUnitReportReporter -->
<testsuite hostname="Hongzhous-MacBook-Pro.local" name="toolLib.TestPgObject" tests="2" failures="0" timestamp="30 May 2016 01:08:20 GMT" time="37.528" errors="0">
  <testcase name="testContactforFail" time="18.441" classname="toolLib.TestPgObject"/>
  <testcase name="testContact" time="19.087" classname="toolLib.TestPgObject"/>
</testsuite> <!-- toolLib.TestPgObject -->
